libandroid-navigation-ui/build/intermediates/manifest_merge_blame_file/release/manifest-merger-blame-release-report.txt
1<?xml version="1.0" encoding="utf-8"?>
2<manifest xmlns:android="http://schemas.android.com/apk/res/android"
3    package="com.mapbox.services.android.navigation.ui.v5" >
4
5    <uses-sdk
6        android:minSdkVersion="14"
6-->src/main/AndroidManifest.xml
7        android:targetSdkVersion="30" />
7-->src/main/AndroidManifest.xml
8
9    <application>
9-->src/main/AndroidManifest.xml:5:3-8:17
10        <activity
10-->src/main/AndroidManifest.xml:6:5-7:47
11            android:name="com.mapbox.services.android.navigation.ui.v5.MapboxNavigationActivity"
11-->src/main/AndroidManifest.xml:6:15-55
12            android:screenOrientation="portrait" />
12-->src/main/AndroidManifest.xml:7:9-45
13    </application>
14
15</manifest>